\BOOKMARK [0][-]{chapter.1}{\376\377\000P\000l\000o\000n\000k\000i\000s\000h\000\040\000A\000r\000i\000t\000h\000m\000e\000t\000i\000z\000a\000t\000i\000o\000n}{}% 1
\BOOKMARK [1][-]{section.1.1}{\376\377\173\227\147\057\165\065\215\357\116\016\000\040\000R\0001\000C\000S\000\040\173\227\147\057\123\026}{chapter.1}% 2
\BOOKMARK [2][-]{subsection.1.1.1}{\376\377\131\032\116\052\116\130\154\325\225\350}{section.1.1}% 3
\BOOKMARK [2][-]{subsection.1.1.2}{\376\377\117\030\177\072\160\271}{section.1.1}% 4
\BOOKMARK [1][-]{section.1.2}{\376\377\000P\000l\000o\000n\000k\000i\000s\000h\000\040\173\227\147\057\225\350}{chapter.1}% 5
\BOOKMARK [1][-]{section.1.3}{\376\377\131\015\122\066\176\246\147\137}{chapter.1}% 6
\BOOKMARK [1][-]{section.1.4}{\376\377\121\215\153\324\217\203}{chapter.1}% 7
\BOOKMARK [1][-]{section.1.5}{\376\377\165\065\215\357\232\214\213\301\123\117\213\256\150\106\147\266}{chapter.1}% 8
\BOOKMARK [0][-]{chapter.2}{\376\377\131\032\230\171\137\017\177\026\170\001}{}% 9
\BOOKMARK [1][-]{section.2.1}{\376\377\131\032\230\171\137\017\166\204\151\202\163\207\150\300\147\345}{chapter.2}% 10
\BOOKMARK [1][-]{section.2.2}{\376\377\000L\000a\000g\000r\000a\000n\000g\000e\000\040\143\322\120\074\000\040\116\016\000\040\000E\000v\000a\000l\000u\000a\000t\000i\000o\000n\000\040\000F\000o\000r\000m}{chapter.2}% 11
\BOOKMARK [1][-]{section.2.3}{\376\377\123\125\117\115\150\071\000\040\000R\000o\000o\000t\000s\000\040\000o\000f\000\040\000U\000n\000i\000t\000y}{chapter.2}% 12
\BOOKMARK [1][-]{section.2.4}{\376\377\000L\000a\000g\000r\000a\000n\000g\000e\000\040\000B\000a\000s\000i\000s}{chapter.2}% 13
\BOOKMARK [1][-]{section.2.5}{\376\377\131\032\230\171\137\017\166\204\176\246\147\137}{chapter.2}% 14
\BOOKMARK [1][-]{section.2.6}{\376\377\000C\000o\000s\000e\000t}{chapter.2}% 15
\BOOKMARK [0][-]{chapter.3}{\376\377\177\156\143\142\213\301\146\016}{}% 16
\BOOKMARK [1][-]{section.3.1}{\376\377\126\336\230\176\142\367\215\035\121\163\174\373}{chapter.3}% 17
\BOOKMARK [1][-]{section.3.2}{\376\377\121\267\124\057\122\250\377\032\000G\000r\000a\000n\000d\000\040\000P\000r\000o\000d\000u\000c\000t}{chapter.3}% 18
\BOOKMARK [1][-]{section.3.3}{\376\377\116\316\000\040\000G\000r\000a\000n\000d\000\040\000P\000r\000o\000d\000u\000c\000t\000\040\122\060\000\040\000M\000u\000l\000t\000i\000s\000e\000t\000\040\173\111\116\367}{chapter.3}% 19
\BOOKMARK [1][-]{section.3.4}{\376\377\116\316\000\040\000M\000u\000l\000t\000i\000s\000e\000t\000\040\173\111\116\367\122\060\177\156\143\142\213\301\146\016}{chapter.3}% 20
\BOOKMARK [1][-]{section.3.5}{\376\377\133\214\145\164\166\204\177\156\143\142\123\117\213\256}{chapter.3}% 21
\BOOKMARK [0][-]{chapter.4}{\376\377\173\227\147\057\176\246\147\137\116\016\142\367\215\035\176\246\147\137}{}% 22
\BOOKMARK [1][-]{section.4.1}{\376\377\126\336\230\176\177\156\143\142\213\301\146\016}{chapter.4}% 23
\BOOKMARK [1][-]{section.4.2}{\376\377\124\021\221\317\166\204\142\367\215\035\176\246\147\137}{chapter.4}% 24
\BOOKMARK [1][-]{section.4.3}{\376\377\131\032\116\052\124\021\221\317\225\364\166\204\142\367\215\035\176\246\147\137}{chapter.4}% 25
\BOOKMARK [1][-]{section.4.4}{\376\377\177\156\143\142\121\163\174\373\000\040\000\134\000s\000i\000g\000m\000a}{chapter.4}% 26
\BOOKMARK [1][-]{section.4.5}{\376\377\131\004\164\006\000\040\000P\000u\000b\000l\000i\000c\000\040\000I\000n\000p\000u\000t\000s}{chapter.4}% 27
\BOOKMARK [1][-]{section.4.6}{\376\377\117\115\177\156\124\021\221\317\166\204\117\030\123\026}{chapter.4}% 28
\BOOKMARK [1][-]{section.4.7}{\376\377\123\117\213\256\150\106\147\266}{chapter.4}% 29
\BOOKMARK [0][-]{chapter.5}{\376\377\131\032\230\171\137\017\142\177\213\372}{}% 30
\BOOKMARK [1][-]{section.5.1}{\376\377\116\300\116\110\146\057\131\032\230\171\137\017\142\177\213\372}{chapter.5}% 31
\BOOKMARK [1][-]{section.5.2}{\376\377\000K\000Z\000G\0001\0000\000\040\147\204\220\040}{chapter.5}% 32
\BOOKMARK [1][-]{section.5.3}{\376\377\124\014\160\271\000\040\000O\000p\000e\000n\000\040\166\204\213\301\146\016\200\132\124\010}{chapter.5}% 33
\BOOKMARK [2][-]{subsection.5.3.1}{\376\377\123\117\213\256\377\032}{section.5.3}% 34
\BOOKMARK [1][-]{section.5.4}{\376\377\131\032\230\171\137\017\176\246\147\137\116\016\176\277\140\047\123\026}{chapter.5}% 35
\BOOKMARK [2][-]{subsection.5.4.1}{\376\377\123\117\213\256\377\032}{section.5.4}% 36
\BOOKMARK [0][-]{chapter.6}{\376\377\133\236\163\260\000\040\000Z\000e\000r\000o\000\040\000K\000n\000o\000w\000l\000e\000d\000g\000e}{}% 37
\BOOKMARK [1][-]{section.6.1}{\376\377\145\271\154\325\116\000\377\032\000B\000l\000i\000n\000d\000i\000n\000g\000\040\131\032\230\171\137\017}{chapter.6}% 38
\BOOKMARK [1][-]{section.6.2}{\376\377\145\271\154\325\116\214\377\032\226\217\147\072\126\340\133\120\133\371\237\120}{chapter.6}% 39
\BOOKMARK [1][-]{section.6.3}{\376\377\156\341\215\263\000\040\000H\000i\000d\000i\000n\000g\000\040\140\047\215\050\166\204\000\040\000K\000Z\000G\0001\0000}{chapter.6}% 40
\BOOKMARK [0][-]{chapter*.2}{\376\377\000B\000i\000b\000l\000i\000o\000g\000r\000a\000p\000h\000y}{}% 41
